@ W20 개별 진단 
###################################################################################
[W20] 서비스 관리 - IIS 데이터 파일 ACL 적용

■ 진단 기준
	양호 :  홈 디렉토리 내에 있는 하위 파일들에 대해 Everyone 권한이 존재하지 않음
	취약 :  홈 디렉토리 내에 있는 하위 파일들에 대해 Everyone 권한이 존재


■ 진단 결과
■ 조치 방안
시작-실행-INETMGR 입력-사이트 클릭-해당 웹사이트-기본 설정- 홈 디렉토리 실제 경로 확인 
탐색기를 이용하여 홈 디렉토리의 등록 정보-[보안]탭에서 Everyone 권한 확인 
불필요한 Everyone 권한을 제거하십시오.


###################################################################################

[점검 항목 개수]
	전체 진단 항목 : 1개
	양호한 항목 : 0개
	주의할 항목 : 0개
	취약한 항목 : 0개


[주의/취약 목록]
	주의할 항목 :
			없음.
	취약한 항목 :
			없음.


로그 파일 경로 : .\log\2023-11-24_05.27.01.72.log

