@ W07 개별 진단 
###################################################################################
[W07] 서비스 관리 - 공유 권한 및 사용자 그룹 설정

■ 진단 기준
	양호 : 일반 공유 디렉토리가 없거나 공유 디렉토리 접근 권한에 Everyone 권한이 없음.
	취약 : 일반 공유 디렉토리의 접근 권한에 Everyone 권한이 있음.


■ 진단 결과
Setting
공유 이름 Setting
경로 D:\Setting 
설명  
최대 사용자 수
사용자  
캐싱 문서의 수동
사용 권한 Everyone,
 Everyone 권한
명령을 잘 실행했습니다.
###################################################################################

[점검 항목 개수]
	전체 진단 항목 : 1개
	양호한 항목 : 0개
	주의할 항목 : 0개
	취약한 항목 : 0개


[주의/취약 목록]
	주의할 항목 :
	취약한 항목 :


로그 파일 경로 : .\log\2023-11-06_21.01.55.19.log

