@ W13 개별 진단 
###################################################################################
[W13] 서비스 관리 - IIS 상위 디렉토리 접근 금지

■ 진단 기준
	양호 :  IIS 상위 디렉토리 접근 금지 설정 존재
	취약 :  IIS 상위 디렉토리 접근 금지 설정 미존재


■ 진단 결과
            <asp enableParentPaths="true" />
   → 취약 (하나 이상의 웹 사이트에 IIS 상위 디렉토리 접근 허용 설정 존재)


■ 조치 방안
   Step1) 제어판 -> 관리도구 -> IIS 관리자 -> 해당 웹사이트 -> IIS -> ASP 선택 -> "부모경로 사용" 항목 "False" 설정 확인


###################################################################################

[점검 항목 개수]
	전체 진단 항목 : 1개
	양호한 항목 : 0개
	주의할 항목 : 0개
	취약한 항목 : 1개


[주의/취약 목록]
	주의할 항목 :
			없음.
	취약한 항목 :
                       W13 


로그 파일 경로 : .\log\2023-11-24_04.41.12.83.log

