@ W13 개별 진단 
###################################################################################
[W13] 서비스 관리 - IIS 상위 디렉토리 접근 금지

■ 진단 기준
	양호 :  IIS 상위 디렉토리 접근 금지 설정이 존재
	취약 :  IIS 상위 디렉토리 접근 금지 설정이 존재 안 함


            <asp enableParentPaths="true" />
0 
양호: IIS 상위 디렉토리 접근 금지 설정이 존재합니다. 
취약: IIS 상위 디렉토리 접근 금지 설정이 존재하지 않습니다.
■ 조치 방안
	Step1) 제어판 -> 관리도구 -> IIS 관리자 -> 해당 웹사이트 -> IIS -> ASP 선택 -> "부모경로 사용" 항목 "False" 설정 확인


계속하려면 아무 키나 누르십시오 . . . 
###################################################################################

[점검 항목 개수]
	전체 진단 항목 : 1개
	양호한 항목 : 0개
	주의할 항목 : 0개
	취약한 항목 : 1개


[주의/취약 목록]
	주의할 항목 :
			없음.
	취약한 항목 :
                       W13 


로그 파일 경로 : .\log\2023-11-24_04.03.16.47.log

