@ W18 개별 진단 
###################################################################################
[W18] 서비스 관리 - IIS DB 연결 취약점 점검

■ 진단 기준
   양호 : .asa 매핑시, 특정 동작만 가능하도록 제한하여 설정함 또는 매핑이 없음.
   취약 : .asa 매핑시, 모든 동작이 가능하도록 설정함.


■ 진단 결과
fileExtension=".asa" 
allowed="false" 
= 양호한 요청 필터링 전역 설정 발견.
fileExtension=".asax" 
allowed="false" 
= 양호한 요청 필터링 전역 설정 발견.
= 요청 필터링 지역 설정이 존재하지 않음.

   → 취약 (요청 필터링에서 해당 확장자가 true로 설정 또는 설정되지 않음)


■ 조치 방안
   step 1) 매핑이 없을 경우 양호
       인터넷 정보 서비스(IIS) 관리자 -> 해당 웹 사이트 -> IIS -> "처리기 매핑” 선택, 사용 항목에 *.asa / *.asax 등록되지 않을 경우 양호
   step 2) asa / asax 파일 요청 필터링이 false이면 양호
       인터넷 정보 서비스(IIS) 관리자 -> 해당 웹 사이트 -> IIS -> "요청 필터링" 선택, /asa / .asax확장자가 false로 설정되어 있으면 양호


###################################################################################

[점검 항목 개수]
	전체 진단 항목 : 1개
	양호한 항목 : 0개
	주의할 항목 : 0개
	취약한 항목 : 1개


[주의/취약 목록]
	주의할 항목 :
			없음.
	취약한 항목 :
                       W18 


로그 파일 경로 : .\log\2023-11-28_15.57.41.41.log

