@ W01 개별 진단 
###################################################################################
[W01] 계정 관리 - Administrator 계정 이름 바꾸기

■ 진단 기준
	양호 :  Administrator 이름의 계정이 존재하지 않음.
	취약 :  Administrator 이름의 계정이 존재함.


■ 진단 결과　
2N                       Administrator            DefaultAccount           
	→ 취약 (Administrator 계정 존재)


■ 조치 방안
	Step1) 시작 -> 프로그램 -> 제어판 -> 관리도구 -> 로컬 보안 정책 -> 로컬 정책 -> 보안옵션
	Step2) "계정: Administrator 계정 이름 바꾸기"를 유추하기 어려운 계정 이름으로 변경


###################################################################################

[점검 항목 개수]
	전체 진단 항목 : 1개
	양호한 항목 : 0개
	주의할 항목 : 0개
	취약한 항목 : 1개


[주의/취약 목록]
	주의할 항목 :
	취약한 항목 :
                       W01 


로그 파일 경로 : .\log\2023-11-06_21.35.11.87.log

