@ 1번 항목 진단 
###################################################################################
[W01] 계정 관리 - Administrator 계정 이름 바꾸기

■ 진단 기준
	양호 :  Administrator 이름의 계정이 존재하지 않음.
	취약 :  Administrator 이름의 계정이 존재함.


■ 진단 결과　
2N                       Administrator            DefaultAccount           
	→ 취약 (Administrator 계정 존재)


■ 조치 방안
	Step1) 시작 -> 프로그램 -> 제어판 -> 관리도구 -> 로컬 보안 정책 -> 로컬 정책 -> 보안옵션
	Step2) "계정: Administrator 계정 이름 바꾸기"를 유추하기 어려운 계정 이름으로 변경


###################################################################################
[W02] 계정 관리 - Guest 계정 상태

■ 진단 기준
	양호 : Guest 계정이 비활성화 되어 있음.
	취약 : Guest 계정이 활성화 되어 있음.


■ 진단 결과
	→ 양호 (Guest 계정이 활성화 되지 않음)


###################################################################################
[W03] 계정 관리 - 불필요한 계정 제거

■ 진단 기준
	양호 :  불필요한 계정이 존재하지 않음.
	취약 :  불필요한 계정이 존재함.
	주의 :  프로그램을 통해 판단할 수 없음.


■ 진단 결과　

\\DESKTOP-J34BS0F에 대한 사용자 계정

-------------------------------------------------------------------------------
2N                       Administrator            DefaultAccount           
Guest                    tester                   VUSR_DESKTOP-J34BS0F     
WDAGUtilityAccount       

	→ 주의 (판단 불가)


■ 조치 방안
	Step1) 시작 -> 실행 -> LUSRMGR.MSC -> 사용자
	Step2) 등록된 계정 중 불필요한 사용자 선택 -> 속성 -> "계정 사용 안 함"에 체크하거나 계정 삭제


###################################################################################
[W04] 계정 관리 - 계정 잠금 임계값 설정

■ 진단 기준
	양호 : 계정 잠금 임계값이 5 이하의 값으로 설정되어 있음.
	취약 : 계정 잠금 임계값이 6 이상의 값으로 설정되어 있음.


■ 진단 결과
LockoutBadCount = 0
	→ 취약 (계정 잠금 임계값이 0(아님)이라고 설정되어 있음)


■ 조치 방안
	Step1) 시작 -> 실행 -> SECPOL.MSC -> 계정 정책 -> 계정 잠금 정책
	Step2) "계정 잠금 임계값"을 "5"이하의 값으로 설정


###################################################################################
[W05] 계정 관리 - 해독 가능한 암호화를 사용하여 암호 저장 해제

■ 진단 기준
	양호 : "해독 가능한 암호화를 사용하여 암호 저장" 정책이 "사용 안 함"으로 되어 있음.
	취약 : "해독 가능한 암호화를 사용하여 암호 저장" 정책이 "사용"으로 되어 있음.


■ 진단 결과
ClearTextPassword = 0
	→ 양호 (해당 정책을 사용하지 않음)


###################################################################################

[점검 항목 개수]
	전체 진단 항목 : 5개
	양호한 항목 : 2개
	주의할 항목 : 1개
	취약한 항목 : 2개


[주의/취약 목록]
	주의할 항목 :
                       W03 
	취약한 항목 :
                       W01 
                       W04 


로그 파일 경로 : .\log\2023-11-07_16.26.19.06.log

