@ W08 개별 진단 
###################################################################################
[W08] 서비스 관리 - 하드디스크 기본 공유 제거

■ 진단 기준
	양호 :  AutoShareServer 레지스트리 값이 0이며, 기본 공유가 존재하지 않음.
	취약 :  AutoShareServer 레지스트리 값이 1이거나, 기본 공유가 존재함.


■ 진단 결과
   step 1) 하드디스크 기본 공유가 제거되어 있습니다. (양호)


   step 2) AutoShareServer 레지스트리가 없습니다. (양호)
   → 양호


###################################################################################

[점검 항목 개수]
	전체 진단 항목 : 1개
	양호한 항목 : 1개
	주의할 항목 : 0개
	취약한 항목 : 0개


[주의/취약 목록]
	주의할 항목 :
			없음.
	취약한 항목 :
			없음.


로그 파일 경로 : .\log\2023-11-23_19.10.41.60.log

