@ W08 개별 진단 
###################################################################################
[W08] 서비스 관리 - 하드디스크 기본 공유 제거

■ 진단 기준
	양호 :  AutoShareServer 레지스트리 값이 0이며, 기본 공유가 존재하지 않음.
	취약 :  AutoShareServer 레지스트리 값이 1이거나, 기본 공유가 존재함.


■ 진단 결과　
C$           C:\                             기본 공유                         
step 1) 하드디스크 기본 공유가 존재합니다. (취약)

HKEY_LOCAL_MACHINE\SYSTEM\CurrentControlSet\Services\LanmanServer\Parameters
    AutoShareServer    REG_DWORD    0x1

step 2) AutoShareServer 레지스트리 값이 1입니다. (취약)


■ 조치 방안
 step 1) 시작 > 실행 > FSMGMT.MSC > 공유 > 기본 공유 선택 > 마우스 우클릭 > 공유 금지
 step 2) 시작 > 실행 > REGEDIT 해당 레지스트리 값 0으로 수정
경로 및 수정파일 : "HKLM\SYSTEM\CurrentControlSet\Services\lanmanserver\parameters\AutoShareServer"


###################################################################################

[점검 항목 개수]
	전체 진단 항목 : 1개
	양호한 항목 : 0개
	주의할 항목 : 0개
	취약한 항목 : 0개


[주의/취약 목록]
	주의할 항목 :
			없음.
	취약한 항목 :
			없음.


로그 파일 경로 : .\log\2023-11-23_19.02.51.80.log

