@ W11 개별 진단 
###################################################################################
[W11] 서비스 관리 - 디렉토리 리스팅 제거

■ 진단 기준
	양호 :  "디렉토리 검색" 체크하지 않음.
	취약 :  "디렉토리 검색" 체크함.


■ 진단 결과　
        <directoryBrowse enabled="true" />
   → 취약 (디렉토리 리스팅이 발견됨)


■ 조치 방법
제어판> 관리도구> IIS관리> 해당 웹 사이트> IIS> "디렉토리 검색" 선택 후 "사용안함" 선택


###################################################################################

[점검 항목 개수]
	전체 진단 항목 : 1개
	양호한 항목 : 0개
	주의할 항목 : 0개
	취약한 항목 : 1개


[주의/취약 목록]
	주의할 항목 :
			없음.
	취약한 항목 :
                       W11 


로그 파일 경로 : .\log\2023-11-24_03.52.43.28.log

