@ W20 개별 진단 
###################################################################################
[W20] 서비스 관리 - IIS 데이터 파일 ACL 적용

■ 진단 기준
	양호 :  홈 디렉토리 내에 있는 하위 파일들에 대해 Everyone 권한이 존재하지 않음
	취약 :  홈 디렉토리 내에 있는 하위 파일들에 대해 Everyone 권한이 존재


■ 진단 결과
   → 양호 (취약한 권한의 파일이 발견되지 않음)


###################################################################################

[점검 항목 개수]
	전체 진단 항목 : 1개
	양호한 항목 : 1개
	주의할 항목 : 0개
	취약한 항목 : 0개


[주의/취약 목록]
	주의할 항목 :
			없음.
	취약한 항목 :
			없음.


로그 파일 경로 : .\log\2023-11-24_06.49.52.12.log

